<?xml version="1.0" encoding="UTF-8"?>
<!-- Generated by org.testng.reporters.JUnitReportReporter -->
<testsuite hostname="CDC2-L-210BN5B" failures="1" tests="2" name="CucumberOptions.TestNGTestRunner" time="62.309" errors="0" timestamp="2024-04-26T19:33:22 IST" skipped="0">
  <testcase classname="CucumberOptions.TestNGTestRunner" name="runScenario" time="30.580"/>
  <testcase classname="CucumberOptions.TestNGTestRunner" name="runScenario" time="31.729">
    <failure message="expected [Beetroot] but found [No data]" type="java.lang.AssertionError">
      <![CDATA[java.lang.AssertionError: expected [Beetroot] but found [No data]
at org.testng.Assert.fail(Assert.java:111)
at org.testng.Assert.failNotEquals(Assert.java:1578)
at org.testng.Assert.assertEqualsImpl(Assert.java:150)
at org.testng.Assert.assertEquals(Assert.java:132)
at org.testng.Assert.assertEquals(Assert.java:656)
at org.testng.Assert.assertEquals(Assert.java:666)
at StepDefinitions.OfferPageStepDefinition.validate_product_name_in_offer_page_matches_with_home_page(OfferPageStepDefinition.java:35)
at ✽.Validate product name in offer page matches with home page.(file:///C:/Users/sibin.valluparambath/eclipse-workspace2/CucucmberFramework/src/test/java/Features/SearchProducts.feature:8)
]]>
    </failure>
  </testcase> <!-- runScenario -->
</testsuite> <!-- CucumberOptions.TestNGTestRunner -->
